2025-01-14 22:44:11.325 | INFO     | utils.utils_logger:<module>:38 - Logging to file: logs/project_log.log
2025-01-14 22:44:11.329 | INFO     | __main__:main:106 - START producer...
2025-01-14 22:44:11.329 | INFO     | __main__:main:107 - Hit CTRL c (or CMD c) to close.
2025-01-14 22:44:11.330 | INFO     | __main__:get_message_interval:53 - Messages will be sent every 3 seconds.
2025-01-14 22:44:11.331 | INFO     | __main__:main:114 - I just found a movie! It was amazing.
2025-01-14 22:44:14.332 | INFO     | __main__:main:114 - I just saw a trick! It was boring.
2025-01-14 22:44:17.335 | INFO     | __main__:main:114 - I just found a story! It was amazing.
2025-01-14 22:44:20.338 | INFO     | __main__:main:114 - I just saw a movie! It was amazing.
2025-01-14 22:44:23.342 | INFO     | __main__:main:114 - I just found a trick! It was weird.
2025-01-14 22:44:26.344 | INFO     | __main__:main:114 - I just loved an app! It was funny.
2025-01-14 22:44:29.350 | INFO     | __main__:main:114 - I just tried a story! It was funny.
2025-01-14 22:44:32.356 | INFO     | __main__:main:114 - I just tried a trick! It was boring.
2025-01-14 22:44:35.360 | INFO     | __main__:main:114 - I just found a movie! It was amazing.
2025-01-14 22:44:38.362 | INFO     | __main__:main:114 - I just shared a movie! It was amazing.
2025-01-14 22:44:41.368 | INFO     | __main__:main:114 - I just saw a movie! It was exciting.
2025-01-14 22:44:44.370 | INFO     | __main__:main:114 - I just saw a trick! It was funny.
2025-01-14 22:44:47.371 | INFO     | __main__:main:114 - I just loved a meme! It was exciting.
2025-01-14 22:44:50.377 | INFO     | __main__:main:114 - I just saw a trick! It was funny.
2025-01-14 22:44:53.379 | INFO     | __main__:main:114 - I just loved a story! It was exciting.
2025-01-14 22:44:56.379 | INFO     | __main__:main:114 - I just loved a meme! It was exciting.
2025-01-14 22:44:59.383 | INFO     | __main__:main:114 - I just saw a story! It was exciting.
2025-01-14 22:45:02.389 | INFO     | __main__:main:114 - I just tried a meme! It was boring.
2025-01-14 22:45:05.390 | INFO     | __main__:main:114 - I just loved a story! It was boring.
2025-01-14 22:45:08.395 | INFO     | __main__:main:114 - I just tried a story! It was weird.
2025-01-14 22:45:11.396 | INFO     | __main__:main:114 - I just saw a trick! It was boring.
2025-01-14 22:45:13.041 | INFO     | utils.utils_logger:<module>:38 - Logging to file: logs/project_log.log
2025-01-14 22:45:13.042 | INFO     | __main__:main:68 - START...
2025-01-14 22:45:13.042 | INFO     | __main__:main:74 - Reading file located at logs/project_log.log.
2025-01-14 22:45:14.398 | INFO     | __main__:main:114 - I just loved a movie! It was amazing.
2025-01-14 22:45:17.402 | INFO     | __main__:main:114 - I just loved a story! It was boring.
2025-01-14 22:45:20.402 | INFO     | __main__:main:114 - I just found a trick! It was funny.
2025-01-14 22:45:23.403 | INFO     | __main__:main:114 - I just loved an app! It was funny.
2025-01-14 22:45:26.408 | INFO     | __main__:main:114 - I just saw a trick! It was exciting.
2025-01-14 22:45:29.416 | INFO     | __main__:main:114 - I just found a trick! It was exciting.
2025-01-14 22:45:32.416 | INFO     | __main__:main:114 - I just shared a movie! It was boring.
2025-01-14 22:45:35.418 | INFO     | __main__:main:114 - I just shared a movie! It was amazing.
2025-01-14 22:45:38.421 | INFO     | __main__:main:114 - I just saw a meme! It was funny.
2025-01-14 22:45:41.422 | INFO     | __main__:main:114 - I just found a trick! It was amazing.
2025-01-14 22:45:44.427 | INFO     | __main__:main:114 - I just found a movie! It was exciting.
2025-01-14 22:45:47.432 | INFO     | __main__:main:114 - I just found an app! It was amazing.
2025-01-14 22:45:50.436 | INFO     | __main__:main:114 - I just tried a movie! It was funny.
2025-01-14 22:45:53.443 | INFO     | __main__:main:114 - I just saw an app! It was weird.
2025-01-14 22:45:56.447 | INFO     | __main__:main:114 - I just shared an app! It was weird.
2025-01-14 22:45:59.448 | INFO     | __main__:main:114 - I just saw a story! It was exciting.
2025-01-14 22:46:02.453 | INFO     | __main__:main:114 - I just shared a meme! It was boring.
2025-01-14 22:46:05.454 | INFO     | __main__:main:114 - I just loved a meme! It was amazing.
2025-01-14 22:46:08.454 | INFO     | __main__:main:114 - I just tried a meme! It was amazing.
2025-01-14 22:46:11.455 | INFO     | __main__:main:114 - I just saw a trick! It was funny.
2025-01-14 22:46:14.455 | INFO     | __main__:main:114 - I just loved a trick! It was weird.
2025-01-14 22:46:17.459 | INFO     | __main__:main:114 - I just tried a story! It was funny.
2025-01-14 22:46:20.463 | INFO     | __main__:main:114 - I just shared a movie! It was amazing.
2025-01-14 22:46:23.467 | INFO     | __main__:main:114 - I just tried a meme! It was boring.
2025-01-14 22:46:26.472 | INFO     | __main__:main:114 - I just saw a trick! It was exciting.
2025-01-14 22:46:29.474 | INFO     | __main__:main:114 - I just loved a meme! It was boring.
2025-01-14 22:46:32.478 | INFO     | __main__:main:114 - I just shared a story! It was exciting.
2025-01-14 22:46:35.483 | INFO     | __main__:main:114 - I just tried a meme! It was amazing.
2025-01-14 22:46:38.486 | INFO     | __main__:main:114 - I just tried a meme! It was amazing.
2025-01-14 22:46:41.488 | INFO     | __main__:main:114 - I just loved a story! It was funny.
2025-01-14 22:46:44.490 | INFO     | __main__:main:114 - I just saw an app! It was exciting.
2025-01-14 22:46:47.496 | INFO     | __main__:main:114 - I just tried a trick! It was amazing.
2025-01-14 22:46:50.500 | INFO     | __main__:main:114 - I just saw a trick! It was amazing.
2025-01-14 22:46:53.504 | INFO     | __main__:main:114 - I just loved a movie! It was exciting.
2025-01-14 22:46:56.509 | INFO     | __main__:main:114 - I just loved a movie! It was boring.
2025-01-14 22:46:59.513 | INFO     | __main__:main:114 - I just found an app! It was weird.
2025-01-14 22:47:02.518 | INFO     | __main__:main:114 - I just found a trick! It was exciting.
2025-01-14 22:47:05.521 | INFO     | __main__:main:114 - I just saw an app! It was amazing.
2025-01-14 22:47:08.521 | INFO     | __main__:main:114 - I just saw a trick! It was boring.
2025-01-14 22:47:11.524 | INFO     | __main__:main:114 - I just saw a movie! It was exciting.
2025-01-14 22:47:14.525 | INFO     | __main__:main:114 - I just saw an app! It was amazing.
2025-01-14 22:47:17.528 | INFO     | __main__:main:114 - I just tried an app! It was amazing.
2025-01-14 22:47:20.529 | INFO     | __main__:main:114 - I just tried a meme! It was amazing.
2025-01-14 22:47:23.529 | INFO     | __main__:main:114 - I just tried a story! It was funny.
2025-01-14 22:47:26.530 | INFO     | __main__:main:114 - I just found a story! It was funny.
2025-01-14 22:47:29.531 | INFO     | __main__:main:114 - I just loved a story! It was amazing.
2025-01-14 22:47:32.535 | INFO     | __main__:main:114 - I just found a movie! It was funny.
2025-01-14 22:47:35.539 | INFO     | __main__:main:114 - I just shared a movie! It was boring.
2025-01-14 22:47:38.540 | INFO     | __main__:main:114 - I just saw an app! It was weird.
2025-01-14 22:47:41.541 | INFO     | __main__:main:114 - I just saw a movie! It was boring.
2025-01-14 22:47:44.543 | INFO     | __main__:main:114 - I just loved a story! It was funny.
2025-01-14 22:47:47.544 | INFO     | __main__:main:114 - I just found an app! It was amazing.
2025-01-14 22:47:50.545 | INFO     | __main__:main:114 - I just loved a story! It was exciting.
2025-01-14 22:47:53.548 | INFO     | __main__:main:114 - I just loved a story! It was exciting.
2025-01-14 22:47:56.549 | INFO     | __main__:main:114 - I just shared an app! It was exciting.
2025-01-14 22:47:59.554 | INFO     | __main__:main:114 - I just found an app! It was exciting.
2025-01-14 22:48:02.557 | INFO     | __main__:main:114 - I just loved a movie! It was weird.
2025-01-14 22:48:05.558 | INFO     | __main__:main:114 - I just saw a meme! It was exciting.
2025-01-14 22:48:08.559 | INFO     | __main__:main:114 - I just loved a story! It was boring.
2025-01-14 22:48:11.559 | INFO     | __main__:main:114 - I just found a meme! It was exciting.
2025-01-14 22:48:14.564 | INFO     | __main__:main:114 - I just found a story! It was exciting.
2025-01-14 22:48:17.565 | INFO     | __main__:main:114 - I just tried a trick! It was boring.
2025-01-14 22:48:20.567 | INFO     | __main__:main:114 - I just shared a story! It was exciting.
2025-01-14 22:48:23.571 | INFO     | __main__:main:114 - I just shared a trick! It was amazing.
2025-01-14 22:48:26.571 | INFO     | __main__:main:114 - I just found a story! It was funny.
2025-01-14 22:48:29.572 | INFO     | __main__:main:114 - I just loved a trick! It was boring.
2025-01-14 22:48:32.573 | INFO     | __main__:main:114 - I just tried an app! It was amazing.
2025-01-14 22:48:35.574 | INFO     | __main__:main:114 - I just shared a movie! It was weird.
2025-01-14 22:48:38.576 | INFO     | __main__:main:114 - I just tried a story! It was amazing.
2025-01-14 22:48:41.577 | INFO     | __main__:main:114 - I just tried an app! It was funny.
2025-01-14 22:48:44.578 | INFO     | __main__:main:114 - I just saw a trick! It was boring.
2025-01-14 22:48:47.581 | INFO     | __main__:main:114 - I just saw a story! It was funny.
2025-01-14 22:48:50.584 | INFO     | __main__:main:114 - I just found an app! It was boring.
2025-01-14 22:48:53.589 | INFO     | __main__:main:114 - I just shared an app! It was weird.
2025-01-14 22:48:56.591 | INFO     | __main__:main:114 - I just loved a movie! It was amazing.
2025-01-14 22:48:59.596 | INFO     | __main__:main:114 - I just found a trick! It was weird.
2025-01-14 22:49:02.600 | INFO     | __main__:main:114 - I just found a story! It was weird.
2025-01-14 22:49:05.600 | INFO     | __main__:main:114 - I just found a meme! It was boring.
2025-01-14 22:49:08.613 | INFO     | __main__:main:114 - I just found a story! It was amazing.
2025-01-14 22:49:11.618 | INFO     | __main__:main:114 - I just loved an app! It was weird.
2025-01-14 22:49:14.622 | INFO     | __main__:main:114 - I just tried a trick! It was weird.
2025-01-14 22:49:17.623 | INFO     | __main__:main:114 - I just found a movie! It was funny.
2025-01-14 22:49:20.627 | INFO     | __main__:main:114 - I just saw a trick! It was amazing.
2025-01-14 22:49:23.628 | INFO     | __main__:main:114 - I just tried a story! It was exciting.
2025-01-14 22:49:26.630 | INFO     | __main__:main:114 - I just loved a story! It was amazing.
2025-01-14 22:49:29.632 | INFO     | __main__:main:114 - I just shared a story! It was weird.
2025-01-14 22:49:32.635 | INFO     | __main__:main:114 - I just shared a story! It was weird.
2025-01-14 22:49:35.640 | INFO     | __main__:main:114 - I just loved a movie! It was boring.
2025-01-14 22:49:38.643 | INFO     | __main__:main:114 - I just found a meme! It was amazing.
2025-01-14 22:49:41.648 | INFO     | __main__:main:114 - I just loved an app! It was amazing.
2025-01-14 22:49:44.654 | INFO     | __main__:main:114 - I just saw an app! It was amazing.
2025-01-14 22:49:47.659 | INFO     | __main__:main:114 - I just shared a trick! It was exciting.
2025-01-14 22:49:50.661 | INFO     | __main__:main:114 - I just loved a trick! It was boring.
2025-01-14 22:49:53.666 | INFO     | __main__:main:114 - I just loved a meme! It was exciting.
2025-01-14 22:49:56.671 | INFO     | __main__:main:114 - I just tried a trick! It was funny.
2025-01-14 22:49:59.676 | INFO     | __main__:main:114 - I just loved a movie! It was amazing.
2025-01-14 22:50:02.682 | INFO     | __main__:main:114 - I just tried a trick! It was amazing.
2025-01-14 22:50:05.689 | INFO     | __main__:main:114 - I just found a trick! It was boring.
2025-01-14 22:50:08.694 | INFO     | __main__:main:114 - I just saw an app! It was boring.
2025-01-14 22:50:11.697 | INFO     | __main__:main:114 - I just shared a story! It was funny.
2025-01-14 22:50:14.700 | INFO     | __main__:main:114 - I just tried an app! It was amazing.
2025-01-14 22:50:17.705 | INFO     | __main__:main:114 - I just saw a meme! It was boring.
2025-01-14 22:50:20.710 | INFO     | __main__:main:114 - I just loved a meme! It was exciting.
2025-01-14 22:50:23.715 | INFO     | __main__:main:114 - I just shared an app! It was funny.
2025-01-14 22:50:26.719 | INFO     | __main__:main:114 - I just shared an app! It was weird.
2025-01-14 22:50:29.724 | INFO     | __main__:main:114 - I just tried a meme! It was boring.
2025-01-14 22:50:32.729 | INFO     | __main__:main:114 - I just shared a movie! It was amazing.
2025-01-14 22:50:35.730 | INFO     | __main__:main:114 - I just saw a trick! It was exciting.
2025-01-14 22:50:38.733 | INFO     | __main__:main:114 - I just loved a story! It was funny.
2025-01-14 22:50:41.735 | INFO     | __main__:main:114 - I just tried a story! It was boring.
2025-01-14 22:50:44.738 | INFO     | __main__:main:114 - I just saw a trick! It was amazing.
2025-01-14 22:50:47.743 | INFO     | __main__:main:114 - I just saw a movie! It was exciting.
2025-01-14 22:50:50.749 | INFO     | __main__:main:114 - I just loved an app! It was weird.
2025-01-14 22:50:53.750 | INFO     | __main__:main:114 - I just shared a trick! It was exciting.
2025-01-14 22:50:56.755 | INFO     | __main__:main:114 - I just saw an app! It was funny.
2025-01-14 22:50:59.759 | INFO     | __main__:main:114 - I just loved a story! It was weird.
2025-01-14 22:51:02.767 | INFO     | __main__:main:114 - I just tried a trick! It was funny.
2025-01-14 22:51:05.770 | INFO     | __main__:main:114 - I just tried a story! It was exciting.
2025-01-14 22:51:08.773 | INFO     | __main__:main:114 - I just shared a meme! It was amazing.
2025-01-14 22:51:11.776 | INFO     | __main__:main:114 - I just saw an app! It was funny.
2025-01-14 22:51:14.780 | INFO     | __main__:main:114 - I just loved a story! It was weird.
2025-01-14 22:51:17.784 | INFO     | __main__:main:114 - I just found a trick! It was funny.
2025-01-14 22:51:20.790 | INFO     | __main__:main:114 - I just shared an app! It was boring.
2025-01-14 22:51:23.795 | INFO     | __main__:main:114 - I just shared a meme! It was funny.
2025-01-14 22:51:26.796 | INFO     | __main__:main:114 - I just loved a meme! It was weird.
2025-01-14 22:51:29.801 | INFO     | __main__:main:114 - I just saw a story! It was amazing.
2025-01-14 22:51:32.806 | INFO     | __main__:main:114 - I just tried a movie! It was funny.
2025-01-14 22:51:35.809 | INFO     | __main__:main:114 - I just found a movie! It was funny.
2025-01-14 22:51:38.812 | INFO     | __main__:main:114 - I just loved a movie! It was amazing.
2025-01-14 22:51:41.818 | INFO     | __main__:main:114 - I just tried an app! It was amazing.
2025-01-14 22:51:44.823 | INFO     | __main__:main:114 - I just tried an app! It was exciting.
2025-01-14 22:51:47.827 | INFO     | __main__:main:114 - I just tried a meme! It was exciting.
2025-01-14 22:51:50.828 | INFO     | __main__:main:114 - I just shared a story! It was boring.
2025-01-14 22:51:53.833 | INFO     | __main__:main:114 - I just loved an app! It was exciting.
2025-01-14 22:51:56.839 | INFO     | __main__:main:114 - I just found a meme! It was funny.
2025-01-14 22:51:59.845 | INFO     | __main__:main:114 - I just loved a movie! It was exciting.
2025-01-14 22:52:02.849 | INFO     | __main__:main:114 - I just saw a movie! It was boring.
2025-01-14 22:52:05.849 | INFO     | __main__:main:114 - I just found a movie! It was weird.
2025-01-14 22:52:08.855 | INFO     | __main__:main:114 - I just saw a story! It was exciting.
2025-01-14 22:52:11.856 | INFO     | __main__:main:114 - I just found a movie! It was weird.
2025-01-14 22:52:14.862 | INFO     | __main__:main:114 - I just loved a story! It was funny.
2025-01-14 22:52:17.865 | INFO     | __main__:main:114 - I just shared a meme! It was boring.
2025-01-14 22:52:20.866 | INFO     | __main__:main:114 - I just found a movie! It was amazing.
2025-01-14 22:52:23.871 | INFO     | __main__:main:114 - I just saw a story! It was exciting.
2025-01-14 22:52:26.877 | INFO     | __main__:main:114 - I just loved a story! It was boring.
2025-01-14 22:52:29.879 | INFO     | __main__:main:114 - I just shared a meme! It was amazing.
2025-01-14 22:52:32.884 | INFO     | __main__:main:114 - I just tried an app! It was funny.
2025-01-14 22:52:35.890 | INFO     | __main__:main:114 - I just saw a movie! It was exciting.
2025-01-14 22:52:38.896 | INFO     | __main__:main:114 - I just found a movie! It was exciting.
2025-01-14 22:52:41.899 | INFO     | __main__:main:114 - I just found a movie! It was boring.
2025-01-14 22:52:44.901 | INFO     | __main__:main:114 - I just tried a story! It was exciting.
2025-01-14 22:52:47.906 | INFO     | __main__:main:114 - I just found a story! It was amazing.
2025-01-14 22:52:50.906 | INFO     | __main__:main:114 - I just saw an app! It was amazing.
2025-01-14 22:52:53.915 | INFO     | __main__:main:114 - I just tried a trick! It was exciting.
2025-01-14 22:52:56.918 | INFO     | __main__:main:114 - I just found a movie! It was weird.
2025-01-14 22:52:59.921 | INFO     | __main__:main:114 - I just shared a trick! It was boring.
2025-01-14 22:53:02.925 | INFO     | __main__:main:114 - I just shared a movie! It was funny.
2025-01-14 22:53:05.929 | INFO     | __main__:main:114 - I just shared an app! It was boring.
2025-01-14 22:53:08.930 | INFO     | __main__:main:114 - I just found a movie! It was weird.
2025-01-14 22:53:11.933 | INFO     | __main__:main:114 - I just tried a trick! It was boring.
2025-01-14 22:53:14.938 | INFO     | __main__:main:114 - I just loved a trick! It was funny.
2025-01-14 22:53:17.939 | INFO     | __main__:main:114 - I just shared a meme! It was amazing.
2025-01-14 22:53:20.941 | INFO     | __main__:main:114 - I just tried a trick! It was weird.
2025-01-14 22:53:23.945 | INFO     | __main__:main:114 - I just saw a meme! It was exciting.
2025-01-14 22:53:26.950 | INFO     | __main__:main:114 - I just shared an app! It was boring.
2025-01-14 22:53:29.953 | INFO     | __main__:main:114 - I just loved a movie! It was weird.
2025-01-14 22:53:32.958 | INFO     | __main__:main:114 - I just found a meme! It was amazing.
2025-01-14 22:53:35.964 | INFO     | __main__:main:114 - I just tried a movie! It was boring.
2025-01-14 22:53:38.965 | INFO     | __main__:main:114 - I just loved an app! It was amazing.
2025-01-14 22:53:41.967 | INFO     | __main__:main:114 - I just tried a movie! It was funny.
2025-01-14 22:53:44.968 | INFO     | __main__:main:114 - I just tried a movie! It was amazing.
2025-01-14 22:53:47.968 | INFO     | __main__:main:114 - I just saw a movie! It was weird.
2025-01-14 22:53:50.969 | INFO     | __main__:main:114 - I just shared a story! It was boring.
2025-01-14 22:53:53.973 | INFO     | __main__:main:114 - I just shared a meme! It was amazing.
2025-01-14 22:53:56.975 | INFO     | __main__:main:114 - I just loved a meme! It was funny.
2025-01-14 22:53:59.980 | INFO     | __main__:main:114 - I just saw an app! It was funny.
2025-01-14 22:54:02.984 | INFO     | __main__:main:114 - I just saw an app! It was funny.
2025-01-14 22:54:05.990 | INFO     | __main__:main:114 - I just saw a meme! It was funny.
2025-01-14 22:54:08.991 | INFO     | __main__:main:114 - I just loved a movie! It was exciting.
2025-01-14 22:54:11.992 | INFO     | __main__:main:114 - I just saw an app! It was weird.
2025-01-14 22:54:14.993 | INFO     | __main__:main:114 - I just saw a story! It was exciting.
2025-01-14 22:54:17.995 | INFO     | __main__:main:114 - I just loved a trick! It was amazing.
2025-01-14 22:54:20.998 | INFO     | __main__:main:114 - I just shared a trick! It was exciting.
2025-01-14 22:54:24.000 | INFO     | __main__:main:114 - I just saw a story! It was amazing.
2025-01-14 22:54:27.001 | INFO     | __main__:main:114 - I just loved a trick! It was exciting.
2025-01-14 22:54:30.002 | INFO     | __main__:main:114 - I just saw an app! It was exciting.
2025-01-14 22:54:33.003 | INFO     | __main__:main:114 - I just shared a movie! It was weird.
2025-01-14 22:54:36.004 | INFO     | __main__:main:114 - I just loved a trick! It was funny.
2025-01-14 22:54:39.009 | INFO     | __main__:main:114 - I just found a story! It was exciting.
2025-01-14 22:54:42.011 | INFO     | __main__:main:114 - I just found an app! It was boring.
2025-01-14 22:54:45.015 | INFO     | __main__:main:114 - I just tried an app! It was boring.
2025-01-14 22:54:48.021 | INFO     | __main__:main:114 - I just shared an app! It was exciting.
2025-01-14 22:54:51.026 | INFO     | __main__:main:114 - I just found a trick! It was boring.
2025-01-14 22:54:54.029 | INFO     | __main__:main:114 - I just found a story! It was weird.
2025-01-14 22:54:57.033 | INFO     | __main__:main:114 - I just shared an app! It was exciting.
2025-01-14 22:55:00.034 | INFO     | __main__:main:114 - I just loved a story! It was weird.
2025-01-14 22:55:03.040 | INFO     | __main__:main:114 - I just shared a meme! It was amazing.
2025-01-14 22:55:06.045 | INFO     | __main__:main:114 - I just loved an app! It was exciting.
2025-01-14 22:55:09.051 | INFO     | __main__:main:114 - I just tried an app! It was weird.
2025-01-14 22:55:12.057 | INFO     | __main__:main:114 - I just found an app! It was funny.
2025-01-14 22:55:15.060 | INFO     | __main__:main:114 - I just shared a trick! It was weird.
2025-01-14 22:55:18.064 | INFO     | __main__:main:114 - I just saw a trick! It was boring.
2025-01-14 22:55:21.066 | INFO     | __main__:main:114 - I just tried a story! It was weird.
2025-01-14 22:55:24.068 | INFO     | __main__:main:114 - I just shared a meme! It was amazing.
2025-01-14 22:55:27.072 | INFO     | __main__:main:114 - I just tried a story! It was amazing.
2025-01-14 22:55:30.075 | INFO     | __main__:main:114 - I just loved an app! It was boring.
2025-01-14 22:55:33.076 | INFO     | __main__:main:114 - I just tried an app! It was boring.
2025-01-14 22:55:36.080 | INFO     | __main__:main:114 - I just saw a movie! It was boring.
2025-01-14 22:55:39.084 | INFO     | __main__:main:114 - I just saw an app! It was funny.
2025-01-14 22:55:42.090 | INFO     | __main__:main:114 - I just found a story! It was weird.
2025-01-14 22:55:45.092 | INFO     | __main__:main:114 - I just loved a movie! It was exciting.
2025-01-14 22:55:48.096 | INFO     | __main__:main:114 - I just loved a meme! It was amazing.
2025-01-14 22:55:51.101 | INFO     | __main__:main:114 - I just loved an app! It was amazing.
2025-01-14 22:55:54.105 | INFO     | __main__:main:114 - I just tried a story! It was boring.
2025-01-14 22:55:57.108 | INFO     | __main__:main:114 - I just shared a meme! It was boring.
2025-01-14 22:56:00.111 | INFO     | __main__:main:114 - I just loved a meme! It was funny.
2025-01-14 22:56:03.117 | INFO     | __main__:main:114 - I just saw a trick! It was boring.
2025-01-14 22:56:06.120 | INFO     | __main__:main:114 - I just loved a movie! It was exciting.
2025-01-14 22:56:09.145 | INFO     | __main__:main:114 - I just shared a meme! It was exciting.
2025-01-14 22:56:12.149 | INFO     | __main__:main:114 - I just saw a meme! It was funny.
2025-01-14 22:56:15.152 | INFO     | __main__:main:114 - I just shared a story! It was weird.
2025-01-14 22:56:18.154 | INFO     | __main__:main:114 - I just found a meme! It was funny.
2025-01-14 22:56:21.156 | INFO     | __main__:main:114 - I just tried a meme! It was weird.
2025-01-14 22:56:24.162 | INFO     | __main__:main:114 - I just loved a trick! It was amazing.
2025-01-14 22:56:27.165 | INFO     | __main__:main:114 - I just loved a story! It was amazing.
2025-01-14 22:56:30.169 | INFO     | __main__:main:114 - I just saw a movie! It was funny.
2025-01-14 22:56:33.172 | INFO     | __main__:main:114 - I just saw a trick! It was amazing.
2025-01-14 22:56:36.178 | INFO     | __main__:main:114 - I just loved an app! It was amazing.
2025-01-14 22:56:39.180 | INFO     | __main__:main:114 - I just tried a meme! It was boring.
2025-01-14 22:56:42.181 | INFO     | __main__:main:114 - I just loved an app! It was boring.
2025-01-14 22:56:45.186 | INFO     | __main__:main:114 - I just loved a story! It was boring.
2025-01-14 22:56:48.193 | INFO     | __main__:main:114 - I just loved a meme! It was boring.
2025-01-14 22:56:51.199 | INFO     | __main__:main:114 - I just found a story! It was boring.
2025-01-14 22:56:54.201 | INFO     | __main__:main:114 - I just saw a meme! It was boring.
2025-01-14 22:56:57.204 | INFO     | __main__:main:114 - I just shared a meme! It was exciting.
2025-01-14 22:57:00.206 | INFO     | __main__:main:114 - I just saw an app! It was funny.
2025-01-14 22:57:03.210 | INFO     | __main__:main:114 - I just found an app! It was funny.
2025-01-14 22:57:06.214 | INFO     | __main__:main:114 - I just shared a movie! It was amazing.
2025-01-14 22:57:09.217 | INFO     | __main__:main:114 - I just found a trick! It was weird.
2025-01-14 22:57:12.220 | INFO     | __main__:main:114 - I just shared an app! It was exciting.
2025-01-14 22:57:15.225 | INFO     | __main__:main:114 - I just found a story! It was funny.
2025-01-14 22:57:18.227 | INFO     | __main__:main:114 - I just loved an app! It was amazing.
2025-01-14 22:57:21.230 | INFO     | __main__:main:114 - I just loved a trick! It was weird.
2025-01-14 22:57:24.233 | INFO     | __main__:main:114 - I just shared an app! It was funny.
2025-01-14 22:57:27.238 | INFO     | __main__:main:114 - I just tried a story! It was amazing.
2025-01-14 22:57:30.241 | INFO     | __main__:main:114 - I just tried a trick! It was weird.
2025-01-14 22:57:33.244 | INFO     | __main__:main:114 - I just tried a trick! It was weird.
2025-01-14 22:57:36.245 | INFO     | __main__:main:114 - I just tried a meme! It was amazing.
2025-01-14 22:57:39.248 | INFO     | __main__:main:114 - I just loved a meme! It was exciting.
2025-01-15 19:19:17.362 | INFO     | utils.utils_logger:<module>:38 - Logging to file: logs/project_log.log
2025-01-15 19:19:17.363 | INFO     | __main__:main:112 - START producer...
2025-01-15 19:19:17.364 | INFO     | __main__:main:113 - Hit CTRL c (or CMD c) to close.
2025-01-15 19:19:17.364 | INFO     | __main__:get_message_interval:57 - Messages will be sent every 3 seconds.
2025-01-15 19:19:17.364 | INFO     | __main__:main:120 - Alex just approved a project! It was amazing.
2025-01-15 19:19:20.369 | INFO     | __main__:main:120 - Morgan just paused a project! It was productive.
2025-01-15 19:19:23.374 | INFO     | __main__:main:120 - Riley just approved a report! It was productive.
2025-01-15 19:19:26.376 | INFO     | __main__:main:120 - Jordan just completed a task! It was rewarding.
2025-01-15 19:19:29.378 | INFO     | __main__:main:120 - Taylor just completed a task! It was interesting.
2025-01-15 19:19:32.383 | INFO     | __main__:main:120 - Alex just completed a report! It was challenging.
2025-01-15 19:19:35.385 | INFO     | __main__:main:120 - Alex just reviewed a project! It was productive.
2025-01-15 19:19:38.387 | INFO     | __main__:main:120 - Morgan just approved a meeting! It was challenging.
2025-01-15 19:19:41.398 | INFO     | __main__:main:120 - Riley just reviewed a task! It was productive.
2025-01-15 19:19:44.400 | INFO     | __main__:main:120 - Morgan just paused an analysis! It was challenging.
2025-01-15 19:19:47.407 | INFO     | __main__:main:120 - Morgan just completed a meeting! It was challenging.
2025-01-15 19:19:50.411 | INFO     | __main__:main:120 - Taylor just completed an analysis! It was amazing.
2025-01-15 19:19:53.416 | INFO     | __main__:main:120 - Riley just paused an analysis! It was challenging.
